[2026-03-19 01:33:10,897: INFO: main: Logging is implemented]
[2026-03-19 01:33:25,801: INFO: main: Logging is implemented]
[2026-03-20 16:12:59,343: INFO: common: yaml file: config\config.yaml loaded successfully]
[2026-03-20 16:12:59,359: INFO: common: yaml file: params.yaml loaded successfully]
[2026-03-20 16:12:59,362: INFO: common: created directory at: artifacts]
[2026-03-20 16:12:59,365: INFO: common: created directory at: artifacts/data_ingestion]
[2026-03-20 16:14:52,755: INFO: common: yaml file: config\config.yaml loaded successfully]
[2026-03-20 16:14:52,757: INFO: common: yaml file: params.yaml loaded successfully]
[2026-03-20 16:14:52,761: INFO: common: created directory at: artifacts]
[2026-03-20 16:14:52,765: INFO: common: created directory at: artifacts/data_ingestion]
[2026-03-20 16:15:31,723: INFO: common: yaml file: config\config.yaml loaded successfully]
[2026-03-20 16:15:31,725: INFO: common: yaml file: params.yaml loaded successfully]
[2026-03-20 16:15:31,727: INFO: common: created directory at: artifacts]
[2026-03-20 16:15:31,729: INFO: common: created directory at: artifacts/data_ingestion]
[2026-03-20 18:20:22,986: INFO: common: yaml file: config\config.yaml loaded successfully]
[2026-03-20 18:20:22,992: INFO: common: yaml file: params.yaml loaded successfully]
[2026-03-20 18:20:22,996: INFO: common: created directory at: artifacts]
[2026-03-20 18:20:22,998: INFO: common: created directory at: artifacts/data_ingestion]
[2026-03-20 18:21:24,738: INFO: common: yaml file: config\config.yaml loaded successfully]
[2026-03-20 18:21:24,741: INFO: common: yaml file: params.yaml loaded successfully]
[2026-03-20 18:21:24,741: INFO: common: created directory at: artifacts]
[2026-03-20 18:21:24,748: INFO: common: created directory at: artifacts/data_ingestion]
[2026-03-20 18:25:33,831: INFO: common: yaml file: config\config.yaml loaded successfully]
[2026-03-20 18:25:33,843: INFO: common: yaml file: params.yaml loaded successfully]
[2026-03-20 18:25:33,847: INFO: common: created directory at: artifacts]
[2026-03-20 18:25:33,851: INFO: common: created directory at: artifacts\data_ingestion]
[2026-03-20 18:25:33,853: INFO: common: created directory at: artifacts\data_ingestion\raw]
[2026-03-20 18:32:32,724: INFO: common: yaml file: config\config.yaml loaded successfully]
[2026-03-20 18:32:32,727: INFO: common: yaml file: params.yaml loaded successfully]
[2026-03-20 18:32:32,731: INFO: common: created directory at: artifacts]
[2026-03-20 18:32:32,732: INFO: common: created directory at: C:\Users\HP\Desktop\Y3 S2\projects\Text-Summarizer\data]
[2026-03-20 18:32:32,734: INFO: common: created directory at: C:\Users\HP\Desktop\Y3 S2\projects\Text-Summarizer\data\raw]
[2026-03-20 18:32:43,689: INFO: common: yaml file: config\config.yaml loaded successfully]
[2026-03-20 18:32:43,691: INFO: common: yaml file: params.yaml loaded successfully]
[2026-03-20 18:32:43,693: INFO: common: created directory at: artifacts]
[2026-03-20 18:32:43,694: INFO: common: created directory at: C:\Users\HP\Desktop\Y3 S2\projects\Text-Summarizer\data]
[2026-03-20 18:32:43,695: INFO: common: created directory at: C:\Users\HP\Desktop\Y3 S2\projects\Text-Summarizer\data\raw]
[2026-03-20 23:15:05,833: INFO: main: stage Data Ingestion Stage initiated]
[2026-03-20 23:15:05,833: ERROR: main: 'DataIngestionTrainingPipeline' object has no attribute 'initiate_data_ingestion']
Traceback (most recent call last):
  File "C:\Users\HP\Desktop\Y3 S2\projects\Text-Summarizer\main.py", line 9, in <module>
    data_ingestion_pipeline.initiate_data_ingestion()
AttributeError: 'DataIngestionTrainingPipeline' object has no attribute 'initiate_data_ingestion'
[2026-03-20 23:15:32,969: INFO: main: stage Data Ingestion Stage initiated]
[2026-03-20 23:15:32,969: ERROR: main: 'DataIngestionTrainingPipeline' object has no attribute 'initiate_data_ingestion']
Traceback (most recent call last):
  File "C:\Users\HP\Desktop\Y3 S2\projects\Text-Summarizer\main.py", line 9, in <module>
    data_ingestion_pipeline.initiate_data_ingestion()
AttributeError: 'DataIngestionTrainingPipeline' object has no attribute 'initiate_data_ingestion'
[2026-03-20 23:16:56,423: INFO: main: stage Data Ingestion Stage initiated]
[2026-03-20 23:16:56,423: ERROR: main: 'DataIngestionTrainingPipeline' object has no attribute 'initiate_data_ingestion']
Traceback (most recent call last):
  File "C:\Users\HP\Desktop\Y3 S2\projects\Text-Summarizer\main.py", line 9, in <module>
    data_ingestion_pipeline.initiate_data_ingestion()
AttributeError: 'DataIngestionTrainingPipeline' object has no attribute 'initiate_data_ingestion'
[2026-03-20 23:18:07,101: INFO: main: stage Data Ingestion Stage initiated]
[2026-03-20 23:18:07,102: ERROR: main: 'DataIngestionTrainingPipeline' object has no attribute 'initiate_data_ingestion']
Traceback (most recent call last):
  File "C:\Users\HP\Desktop\Y3 S2\projects\Text-Summarizer\main.py", line 9, in <module>
    data_ingestion_pipeline.initiate_data_ingestion()
AttributeError: 'DataIngestionTrainingPipeline' object has no attribute 'initiate_data_ingestion'
[2026-03-20 23:19:11,119: INFO: main: stage Data Ingestion Stage initiated]
[2026-03-20 23:19:11,119: INFO: common: yaml file: config\config.yaml loaded successfully]
[2026-03-20 23:19:11,119: INFO: common: yaml file: params.yaml loaded successfully]
[2026-03-20 23:19:11,119: INFO: common: created directory at: artifacts]
[2026-03-20 23:19:11,119: INFO: common: created directory at: C:\Users\HP\Desktop\Y3 S2\projects\Text-Summarizer\data]
[2026-03-20 23:19:11,119: INFO: common: created directory at: C:\Users\HP\Desktop\Y3 S2\projects\Text-Summarizer\data\raw]
[2026-03-20 23:19:11,119: ERROR: main: Local dataset file not found: C:\Users\HP\Desktop\Y3 S2\projects\Text-Summarizer\data\<actual-file-name>.zip]
Traceback (most recent call last):
  File "C:\Users\HP\Desktop\Y3 S2\projects\Text-Summarizer\main.py", line 9, in <module>
    data_ingestion_pipeline.initiate_data_ingestion()
  File "C:\Users\HP\Desktop\Y3 S2\projects\Text-Summarizer\src\textSummarizer\pipeline\stage_1_data_ingestion_pipeline.py", line 13, in initiate_data_ingestion
    data_ingestion.download_file()
  File "C:\Users\HP\Desktop\Y3 S2\projects\Text-Summarizer\src\textSummarizer\components\data_ingestion.py", line 14, in download_file
    raise FileNotFoundError(f"Local dataset file not found: {self.config.local_data_file}")
FileNotFoundError: Local dataset file not found: C:\Users\HP\Desktop\Y3 S2\projects\Text-Summarizer\data\<actual-file-name>.zip
[2026-03-20 23:20:20,396: INFO: main: stage Data Ingestion Stage initiated]
[2026-03-20 23:20:20,407: INFO: common: yaml file: config\config.yaml loaded successfully]
[2026-03-20 23:20:20,417: INFO: common: yaml file: params.yaml loaded successfully]
[2026-03-20 23:20:20,418: INFO: common: created directory at: artifacts]
[2026-03-20 23:20:20,418: INFO: common: created directory at: artifacts\data_ingestion]
[2026-03-20 23:20:20,418: INFO: common: created directory at: artifacts\data_ingestion\raw]
[2026-03-20 23:20:20,419: ERROR: main: Local dataset file not found: C:\Users\HP\Desktop\Y3 S2\projects\Text-Summarizer\data\real_dataset.zip]
Traceback (most recent call last):
  File "C:\Users\HP\Desktop\Y3 S2\projects\Text-Summarizer\main.py", line 9, in <module>
    data_ingestion_pipeline.initiate_data_ingestion()
  File "C:\Users\HP\Desktop\Y3 S2\projects\Text-Summarizer\src\textSummarizer\pipeline\stage_1_data_ingestion_pipeline.py", line 13, in initiate_data_ingestion
    data_ingestion.download_file()
  File "C:\Users\HP\Desktop\Y3 S2\projects\Text-Summarizer\src\textSummarizer\components\data_ingestion.py", line 14, in download_file
    raise FileNotFoundError(f"Local dataset file not found: {self.config.local_data_file}")
FileNotFoundError: Local dataset file not found: C:\Users\HP\Desktop\Y3 S2\projects\Text-Summarizer\data\real_dataset.zip
[2026-03-21 00:02:08,623: INFO: main: stage Data Ingestion Stage initiated]
[2026-03-21 00:02:08,625: INFO: common: yaml file: config\config.yaml loaded successfully]
[2026-03-21 00:02:08,629: INFO: common: yaml file: params.yaml loaded successfully]
[2026-03-21 00:02:08,629: INFO: common: created directory at: artifacts]
[2026-03-21 00:02:08,631: INFO: common: created directory at: artifacts\data_ingestion]
[2026-03-21 00:02:08,631: INFO: common: created directory at: artifacts\data_ingestion\raw]
[2026-03-21 00:02:08,631: ERROR: main: 'DataIngestionConfig' object has no attribute 'dataset_name']
Traceback (most recent call last):
  File "C:\Users\HP\Desktop\Y3 S2\projects\Text-Summarizer\main.py", line 9, in <module>
    data_ingestion_pipeline.initiate_data_ingestion()
  File "C:\Users\HP\Desktop\Y3 S2\projects\Text-Summarizer\src\textSummarizer\pipeline\stage_1_data_ingestion_pipeline.py", line 13, in initiate_data_ingestion
    data_ingestion.download_file()
  File "C:\Users\HP\Desktop\Y3 S2\projects\Text-Summarizer\src\textSummarizer\components\data_ingestion.py", line 16, in download_file
    logger.info(f"Downloading dataset {self.config.dataset_name} from Hugging Face...")
AttributeError: 'DataIngestionConfig' object has no attribute 'dataset_name'
[2026-03-21 00:05:16,876: INFO: main: stage Data Ingestion Stage initiated]
[2026-03-21 00:05:16,876: INFO: common: yaml file: config\config.yaml loaded successfully]
[2026-03-21 00:05:16,884: INFO: common: yaml file: params.yaml loaded successfully]
[2026-03-21 00:05:16,889: INFO: common: created directory at: artifacts]
[2026-03-21 00:05:16,890: INFO: common: created directory at: artifacts\data_ingestion]
[2026-03-21 00:05:16,890: INFO: common: created directory at: artifacts\data_ingestion\raw]
[2026-03-21 00:05:16,890: ERROR: main: 'DataIngestionConfig' object has no attribute 'dataset_name']
Traceback (most recent call last):
  File "C:\Users\HP\Desktop\Y3 S2\projects\Text-Summarizer\main.py", line 9, in <module>
    data_ingestion_pipeline.initiate_data_ingestion()
  File "C:\Users\HP\Desktop\Y3 S2\projects\Text-Summarizer\src\textSummarizer\pipeline\stage_1_data_ingestion_pipeline.py", line 13, in initiate_data_ingestion
    data_ingestion.download_file()
  File "C:\Users\HP\Desktop\Y3 S2\projects\Text-Summarizer\src\textSummarizer\components\data_ingestion.py", line 16, in download_file
    logger.info(f"Downloading dataset {self.config.dataset_name} from Hugging Face...")
AttributeError: 'DataIngestionConfig' object has no attribute 'dataset_name'
[2026-03-21 00:25:05,865: INFO: main: stage Data Ingestion Stage initiated]
[2026-03-21 00:25:05,871: INFO: common: yaml file: config\config.yaml loaded successfully]
[2026-03-21 00:25:05,871: INFO: common: yaml file: params.yaml loaded successfully]
[2026-03-21 00:25:05,871: INFO: common: created directory at: artifacts]
[2026-03-21 00:25:05,871: INFO: common: created directory at: artifacts\data_ingestion]
[2026-03-21 00:25:05,871: INFO: common: created directory at: artifacts\data_ingestion\raw]
[2026-03-21 00:25:05,871: ERROR: main: 'DataIngestionConfig' object has no attribute 'dataset_name']
Traceback (most recent call last):
  File "C:\Users\HP\Desktop\Y3 S2\projects\Text-Summarizer\main.py", line 9, in <module>
    data_ingestion_pipeline.initiate_data_ingestion()
  File "C:\Users\HP\Desktop\Y3 S2\projects\Text-Summarizer\src\textSummarizer\pipeline\stage_1_data_ingestion_pipeline.py", line 13, in initiate_data_ingestion
    data_ingestion.download_file()
  File "C:\Users\HP\Desktop\Y3 S2\projects\Text-Summarizer\src\textSummarizer\components\data_ingestion.py", line 16, in download_file
    logger.info(f"Downloading dataset {self.config.dataset_name} from Hugging Face...")
AttributeError: 'DataIngestionConfig' object has no attribute 'dataset_name'
[2026-03-21 00:28:31,442: INFO: main: stage Data Ingestion Stage initiated]
[2026-03-21 00:28:31,446: INFO: common: yaml file: config\config.yaml loaded successfully]
[2026-03-21 00:28:31,449: INFO: common: yaml file: params.yaml loaded successfully]
[2026-03-21 00:28:31,449: INFO: common: created directory at: artifacts]
[2026-03-21 00:28:31,457: INFO: common: created directory at: artifacts\data_ingestion]
[2026-03-21 00:28:31,459: INFO: common: created directory at: artifacts\data_ingestion\raw]
[2026-03-21 00:28:31,460: ERROR: main: 'DataIngestionConfig' object has no attribute 'dataset_name']
Traceback (most recent call last):
  File "C:\Users\HP\Desktop\Y3 S2\projects\Text-Summarizer\main.py", line 9, in <module>
    data_ingestion_pipeline.initiate_data_ingestion()
  File "C:\Users\HP\Desktop\Y3 S2\projects\Text-Summarizer\src\textSummarizer\pipeline\stage_1_data_ingestion_pipeline.py", line 13, in initiate_data_ingestion
    data_ingestion.download_file()
  File "C:\Users\HP\Desktop\Y3 S2\projects\Text-Summarizer\src\textSummarizer\components\data_ingestion.py", line 16, in download_file
    logger.info(f"Downloading dataset {self.config.dataset_name} from Hugging Face...")
AttributeError: 'DataIngestionConfig' object has no attribute 'dataset_name'
[2026-03-21 00:32:18,953: INFO: main: stage Data Ingestion Stage initiated]
[2026-03-21 00:32:18,954: INFO: common: yaml file: config\config.yaml loaded successfully]
[2026-03-21 00:32:18,956: INFO: common: yaml file: params.yaml loaded successfully]
[2026-03-21 00:32:18,956: INFO: common: created directory at: artifacts]
[2026-03-21 00:32:18,957: INFO: common: created directory at: artifacts\data_ingestion]
[2026-03-21 00:32:18,957: INFO: common: created directory at: artifacts\data_ingestion\raw]
[2026-03-21 00:32:18,957: INFO: data_ingestion: Downloading dataset knkarthick/samsum from Hugging Face...]
[2026-03-21 00:32:19,391: INFO: _client: HTTP Request: HEAD https://huggingface.co/datasets/knkarthick/samsum/resolve/main/README.md "HTTP/1.1 307 Temporary Redirect"]
[2026-03-21 00:32:19,391: WARNING: _http: Warning: You are sending unauthenticated requests to the HF Hub. Please set a HF_TOKEN to enable higher rate limits and faster downloads.]
[2026-03-21 00:32:19,442: INFO: _client: HTTP Request: HEAD https://huggingface.co/api/resolve-cache/datasets/knkarthick/samsum/6b929ff10edec703164e3ddb2e94aae058c9ab5f/README.md "HTTP/1.1 200 OK"]
[2026-03-21 00:32:19,493: INFO: _client: HTTP Request: GET https://huggingface.co/api/resolve-cache/datasets/knkarthick/samsum/6b929ff10edec703164e3ddb2e94aae058c9ab5f/README.md "HTTP/1.1 200 OK"]
[2026-03-21 00:32:19,807: INFO: _client: HTTP Request: HEAD https://huggingface.co/datasets/knkarthick/samsum/resolve/6b929ff10edec703164e3ddb2e94aae058c9ab5f/samsum.py "HTTP/1.1 404 Not Found"]
[2026-03-21 00:32:20,702: INFO: _client: HTTP Request: HEAD https://s3.amazonaws.com/datasets.huggingface.co/datasets/datasets/knkarthick/samsum/knkarthick/samsum.py "HTTP/1.1 404 Not Found"]
[2026-03-21 00:32:21,029: INFO: _client: HTTP Request: GET https://huggingface.co/api/datasets/knkarthick/samsum/revision/6b929ff10edec703164e3ddb2e94aae058c9ab5f "HTTP/1.1 200 OK"]
[2026-03-21 00:32:21,303: INFO: _client: HTTP Request: HEAD https://huggingface.co/datasets/knkarthick/samsum/resolve/6b929ff10edec703164e3ddb2e94aae058c9ab5f/.huggingface.yaml "HTTP/1.1 404 Not Found"]
[2026-03-21 00:32:21,767: INFO: _client: HTTP Request: GET https://datasets-server.huggingface.co/info?dataset=knkarthick/samsum "HTTP/1.1 200 OK"]
[2026-03-21 00:32:22,059: INFO: _client: HTTP Request: GET https://huggingface.co/api/datasets/knkarthick/samsum/tree/6b929ff10edec703164e3ddb2e94aae058c9ab5f/data?recursive=true&expand=false "HTTP/1.1 404 Not Found"]
[2026-03-21 00:32:22,340: INFO: _client: HTTP Request: GET https://huggingface.co/api/datasets/knkarthick/samsum/tree/6b929ff10edec703164e3ddb2e94aae058c9ab5f?recursive=false&expand=false "HTTP/1.1 200 OK"]
[2026-03-21 00:32:22,691: INFO: _client: HTTP Request: HEAD https://huggingface.co/datasets/knkarthick/samsum/resolve/6b929ff10edec703164e3ddb2e94aae058c9ab5f/dataset_infos.json "HTTP/1.1 404 Not Found"]
[2026-03-21 00:32:22,973: INFO: _client: HTTP Request: HEAD https://huggingface.co/datasets/knkarthick/samsum/resolve/6b929ff10edec703164e3ddb2e94aae058c9ab5f/train.csv "HTTP/1.1 307 Temporary Redirect"]
[2026-03-21 00:32:23,017: INFO: _client: HTTP Request: HEAD https://huggingface.co/api/resolve-cache/datasets/knkarthick/samsum/6b929ff10edec703164e3ddb2e94aae058c9ab5f/train.csv "HTTP/1.1 200 OK"]
[2026-03-21 00:32:23,066: INFO: _client: HTTP Request: GET https://huggingface.co/api/resolve-cache/datasets/knkarthick/samsum/6b929ff10edec703164e3ddb2e94aae058c9ab5f/train.csv "HTTP/1.1 200 OK"]
[2026-03-21 00:32:24,300: INFO: _client: HTTP Request: HEAD https://huggingface.co/datasets/knkarthick/samsum/resolve/6b929ff10edec703164e3ddb2e94aae058c9ab5f/validation.csv "HTTP/1.1 307 Temporary Redirect"]
[2026-03-21 00:32:24,394: INFO: _client: HTTP Request: HEAD https://huggingface.co/api/resolve-cache/datasets/knkarthick/samsum/6b929ff10edec703164e3ddb2e94aae058c9ab5f/validation.csv "HTTP/1.1 200 OK"]
[2026-03-21 00:32:24,492: INFO: _client: HTTP Request: GET https://huggingface.co/api/resolve-cache/datasets/knkarthick/samsum/6b929ff10edec703164e3ddb2e94aae058c9ab5f/validation.csv "HTTP/1.1 200 OK"]
[2026-03-21 00:32:24,835: INFO: _client: HTTP Request: HEAD https://huggingface.co/datasets/knkarthick/samsum/resolve/6b929ff10edec703164e3ddb2e94aae058c9ab5f/test.csv "HTTP/1.1 307 Temporary Redirect"]
[2026-03-21 00:32:24,928: INFO: _client: HTTP Request: HEAD https://huggingface.co/api/resolve-cache/datasets/knkarthick/samsum/6b929ff10edec703164e3ddb2e94aae058c9ab5f/test.csv "HTTP/1.1 200 OK"]
[2026-03-21 00:32:25,095: INFO: _client: HTTP Request: GET https://huggingface.co/api/resolve-cache/datasets/knkarthick/samsum/6b929ff10edec703164e3ddb2e94aae058c9ab5f/test.csv "HTTP/1.1 200 OK"]
[2026-03-21 00:32:25,464: INFO: data_ingestion: Dataset saved successfully at: artifacts\data_ingestion]
[2026-03-21 00:32:25,466: INFO: data_ingestion: Using Hugging Face format; skipping zip extraction.]
[2026-03-21 00:32:25,466: INFO: main: stage Data Ingestion Stage completed]
[2026-03-23 17:13:32,519: INFO: main: stage Data Ingestion Stage initiated]
[2026-03-23 17:13:32,519: INFO: common: yaml file: config\config.yaml loaded successfully]
[2026-03-23 17:13:32,519: INFO: common: yaml file: params.yaml loaded successfully]
[2026-03-23 17:13:32,519: INFO: common: created directory at: artifacts]
[2026-03-23 17:13:32,519: INFO: common: created directory at: artifacts\data_ingestion]
[2026-03-23 17:13:32,519: INFO: common: created directory at: artifacts\data_ingestion\raw]
[2026-03-23 17:13:32,519: INFO: data_ingestion: Downloading dataset knkarthick/samsum from Hugging Face...]
[2026-03-23 17:13:32,968: INFO: _client: HTTP Request: HEAD https://huggingface.co/datasets/knkarthick/samsum/resolve/main/README.md "HTTP/1.1 307 Temporary Redirect"]
[2026-03-23 17:13:33,021: INFO: _client: HTTP Request: HEAD https://huggingface.co/api/resolve-cache/datasets/knkarthick/samsum/6b929ff10edec703164e3ddb2e94aae058c9ab5f/README.md "HTTP/1.1 200 OK"]
[2026-03-23 17:13:33,302: INFO: _client: HTTP Request: HEAD https://huggingface.co/datasets/knkarthick/samsum/resolve/6b929ff10edec703164e3ddb2e94aae058c9ab5f/samsum.py "HTTP/1.1 404 Not Found"]
[2026-03-23 17:13:34,080: INFO: _client: HTTP Request: HEAD https://s3.amazonaws.com/datasets.huggingface.co/datasets/datasets/knkarthick/samsum/knkarthick/samsum.py "HTTP/1.1 404 Not Found"]
[2026-03-23 17:13:34,383: INFO: _client: HTTP Request: GET https://huggingface.co/api/datasets/knkarthick/samsum/revision/6b929ff10edec703164e3ddb2e94aae058c9ab5f "HTTP/1.1 200 OK"]
[2026-03-23 17:13:34,671: INFO: _client: HTTP Request: HEAD https://huggingface.co/datasets/knkarthick/samsum/resolve/6b929ff10edec703164e3ddb2e94aae058c9ab5f/.huggingface.yaml "HTTP/1.1 404 Not Found"]
[2026-03-23 17:13:34,671: WARNING: _http: Warning: You are sending unauthenticated requests to the HF Hub. Please set a HF_TOKEN to enable higher rate limits and faster downloads.]
[2026-03-23 17:13:35,165: INFO: _client: HTTP Request: GET https://datasets-server.huggingface.co/info?dataset=knkarthick/samsum "HTTP/1.1 200 OK"]
[2026-03-23 17:13:35,526: INFO: _client: HTTP Request: GET https://huggingface.co/api/datasets/knkarthick/samsum/tree/6b929ff10edec703164e3ddb2e94aae058c9ab5f/data?recursive=true&expand=false "HTTP/1.1 404 Not Found"]
[2026-03-23 17:13:35,824: INFO: _client: HTTP Request: GET https://huggingface.co/api/datasets/knkarthick/samsum/tree/6b929ff10edec703164e3ddb2e94aae058c9ab5f?recursive=false&expand=false "HTTP/1.1 200 OK"]
[2026-03-23 17:13:36,228: INFO: _client: HTTP Request: HEAD https://huggingface.co/datasets/knkarthick/samsum/resolve/6b929ff10edec703164e3ddb2e94aae058c9ab5f/dataset_infos.json "HTTP/1.1 404 Not Found"]
[2026-03-23 17:13:36,337: ERROR: main: [Errno 22] Invalid argument: 'C:/Users/HP/Desktop/Y3 S2/projects/Text-Summarizer/artifacts/data_ingestion/train/data-00000-of-00001.arrow']
Traceback (most recent call last):
  File "C:\Users\HP\Desktop\Y3 S2\projects\Text-Summarizer\main.py", line 11, in <module>
    data_ingestion_pipeline.initiate_data_ingestion()
  File "C:\Users\HP\Desktop\Y3 S2\projects\Text-Summarizer\src\textSummarizer\pipeline\stage_1_data_ingestion_pipeline.py", line 13, in initiate_data_ingestion
    data_ingestion.download_file()
  File "C:\Users\HP\Desktop\Y3 S2\projects\Text-Summarizer\src\textSummarizer\components\data_ingestion.py", line 22, in download_file
    dataset.save_to_disk(self.config.root_dir)
  File "C:\Users\HP\Desktop\Y3 S2\projects\Text-Summarizer\venv\lib\site-packages\datasets\dataset_dict.py", line 1377, in save_to_disk
    dataset.save_to_disk(
  File "C:\Users\HP\Desktop\Y3 S2\projects\Text-Summarizer\venv\lib\site-packages\datasets\arrow_dataset.py", line 1921, in save_to_disk
    for job_id, done, content in Dataset._save_to_disk_single(**kwargs):
  File "C:\Users\HP\Desktop\Y3 S2\projects\Text-Summarizer\venv\lib\site-packages\datasets\arrow_dataset.py", line 1945, in _save_to_disk_single
    writer = ArrowWriter(
  File "C:\Users\HP\Desktop\Y3 S2\projects\Text-Summarizer\venv\lib\site-packages\datasets\arrow_writer.py", line 524, in __init__
    self.stream = self._fs.open(path, "wb")
  File "C:\Users\HP\Desktop\Y3 S2\projects\Text-Summarizer\venv\lib\site-packages\fsspec\spec.py", line 1349, in open
    f = self._open(
  File "C:\Users\HP\Desktop\Y3 S2\projects\Text-Summarizer\venv\lib\site-packages\fsspec\implementations\local.py", line 214, in _open
    return LocalFileOpener(path, mode, fs=self, **kwargs)
  File "C:\Users\HP\Desktop\Y3 S2\projects\Text-Summarizer\venv\lib\site-packages\fsspec\implementations\local.py", line 391, in __init__
    self._open()
  File "C:\Users\HP\Desktop\Y3 S2\projects\Text-Summarizer\venv\lib\site-packages\fsspec\implementations\local.py", line 396, in _open
    self.f = open(self.path, mode=self.mode)
OSError: [Errno 22] Invalid argument: 'C:/Users/HP/Desktop/Y3 S2/projects/Text-Summarizer/artifacts/data_ingestion/train/data-00000-of-00001.arrow'
[2026-03-23 23:17:30,883: INFO: main: stage Data Ingestion Stage initiated]
[2026-03-23 23:17:30,887: INFO: common: yaml file: config\config.yaml loaded successfully]
[2026-03-23 23:17:30,905: INFO: common: yaml file: params.yaml loaded successfully]
[2026-03-23 23:17:30,906: INFO: common: created directory at: artifacts]
[2026-03-23 23:17:30,907: INFO: common: created directory at: artifacts\data_ingestion]
[2026-03-23 23:17:30,908: INFO: common: created directory at: artifacts\data_ingestion\raw]
[2026-03-23 23:17:30,909: INFO: data_ingestion: Downloading dataset knkarthick/samsum from Hugging Face...]
[2026-03-23 23:17:31,360: INFO: _client: HTTP Request: HEAD https://huggingface.co/datasets/knkarthick/samsum/resolve/main/README.md "HTTP/1.1 307 Temporary Redirect"]
[2026-03-23 23:17:31,407: INFO: _client: HTTP Request: HEAD https://huggingface.co/api/resolve-cache/datasets/knkarthick/samsum/6b929ff10edec703164e3ddb2e94aae058c9ab5f/README.md "HTTP/1.1 200 OK"]
[2026-03-23 23:17:31,704: INFO: _client: HTTP Request: HEAD https://huggingface.co/datasets/knkarthick/samsum/resolve/6b929ff10edec703164e3ddb2e94aae058c9ab5f/samsum.py "HTTP/1.1 404 Not Found"]
[2026-03-23 23:17:32,516: INFO: _client: HTTP Request: HEAD https://s3.amazonaws.com/datasets.huggingface.co/datasets/datasets/knkarthick/samsum/knkarthick/samsum.py "HTTP/1.1 404 Not Found"]
[2026-03-23 23:17:32,901: INFO: _client: HTTP Request: GET https://huggingface.co/api/datasets/knkarthick/samsum/revision/6b929ff10edec703164e3ddb2e94aae058c9ab5f "HTTP/1.1 200 OK"]
[2026-03-23 23:17:33,181: INFO: _client: HTTP Request: HEAD https://huggingface.co/datasets/knkarthick/samsum/resolve/6b929ff10edec703164e3ddb2e94aae058c9ab5f/.huggingface.yaml "HTTP/1.1 404 Not Found"]
[2026-03-23 23:17:33,636: INFO: _client: HTTP Request: GET https://datasets-server.huggingface.co/info?dataset=knkarthick/samsum "HTTP/1.1 200 OK"]
[2026-03-23 23:17:33,928: INFO: _client: HTTP Request: GET https://huggingface.co/api/datasets/knkarthick/samsum/tree/6b929ff10edec703164e3ddb2e94aae058c9ab5f/data?recursive=true&expand=false "HTTP/1.1 404 Not Found"]
[2026-03-23 23:17:34,217: INFO: _client: HTTP Request: GET https://huggingface.co/api/datasets/knkarthick/samsum/tree/6b929ff10edec703164e3ddb2e94aae058c9ab5f?recursive=false&expand=false "HTTP/1.1 200 OK"]
[2026-03-23 23:17:34,643: INFO: _client: HTTP Request: HEAD https://huggingface.co/datasets/knkarthick/samsum/resolve/6b929ff10edec703164e3ddb2e94aae058c9ab5f/dataset_infos.json "HTTP/1.1 404 Not Found"]
[2026-03-23 23:17:34,921: INFO: data_ingestion: Dataset saved successfully at: artifacts\data_ingestion]
[2026-03-23 23:17:34,926: INFO: data_ingestion: Using Hugging Face format; skipping zip extraction.]
[2026-03-23 23:17:34,927: INFO: main: stage Data Ingestion Stage completed]
[2026-03-23 23:17:34,927: INFO: main: stage Data Transformation Stage initiated]
[2026-03-23 23:17:34,930: INFO: common: yaml file: config\config.yaml loaded successfully]
[2026-03-23 23:17:34,932: INFO: common: yaml file: params.yaml loaded successfully]
[2026-03-23 23:17:34,933: INFO: common: created directory at: artifacts]
[2026-03-23 23:17:34,934: INFO: common: created directory at: artifacts/data_transformation]
[2026-03-23 23:17:35,207: INFO: _client: HTTP Request: HEAD https://huggingface.co/google/pegasus-cnn_dailymail/resolve/main/config.json "HTTP/1.1 307 Temporary Redirect"]
[2026-03-23 23:17:35,208: WARNING: _http: Warning: You are sending unauthenticated requests to the HF Hub. Please set a HF_TOKEN to enable higher rate limits and faster downloads.]
[2026-03-23 23:17:35,253: INFO: _client: HTTP Request: HEAD https://huggingface.co/api/resolve-cache/models/google/pegasus-cnn_dailymail/40d588fdab0cc077b80d950b300bf66ad3c75b92/config.json "HTTP/1.1 200 OK"]
[2026-03-23 23:17:35,574: INFO: _client: HTTP Request: HEAD https://huggingface.co/google/pegasus-cnn_dailymail/resolve/main/tokenizer_config.json "HTTP/1.1 307 Temporary Redirect"]
[2026-03-23 23:17:35,621: INFO: _client: HTTP Request: HEAD https://huggingface.co/api/resolve-cache/models/google/pegasus-cnn_dailymail/40d588fdab0cc077b80d950b300bf66ad3c75b92/tokenizer_config.json "HTTP/1.1 200 OK"]
[2026-03-23 23:17:35,916: INFO: _client: HTTP Request: GET https://huggingface.co/api/models/google/pegasus-cnn_dailymail/tree/main/additional_chat_templates?recursive=false&expand=false "HTTP/1.1 404 Not Found"]
[2026-03-23 23:17:36,202: INFO: _client: HTTP Request: GET https://huggingface.co/api/models/google/pegasus-cnn_dailymail/tree/main?recursive=true&expand=false "HTTP/1.1 200 OK"]
[2026-03-23 23:17:43,993: INFO: main: stage Data Transformation Stage completed]
[2026-03-24 00:35:11,703: INFO: common: yaml file: config\config.yaml loaded successfully]
[2026-03-24 00:35:11,727: INFO: common: yaml file: params.yaml loaded successfully]
[2026-03-24 00:35:11,731: INFO: common: created directory at: artifacts]
[2026-03-24 00:35:11,734: INFO: common: created directory at: artifacts/model_trainer]
[2026-03-24 00:35:50,579: INFO: common: yaml file: config\config.yaml loaded successfully]
[2026-03-24 00:35:50,583: INFO: common: yaml file: params.yaml loaded successfully]
[2026-03-24 00:35:50,585: INFO: common: created directory at: artifacts]
[2026-03-24 00:35:50,587: INFO: common: created directory at: artifacts/model_trainer]
[2026-03-24 00:35:58,372: INFO: common: yaml file: config\config.yaml loaded successfully]
[2026-03-24 00:35:58,377: INFO: common: yaml file: params.yaml loaded successfully]
[2026-03-24 00:35:58,379: INFO: common: created directory at: artifacts]
[2026-03-24 00:35:58,383: INFO: common: created directory at: artifacts/model_trainer]
[2026-03-24 00:35:59,078: INFO: _client: HTTP Request: HEAD https://huggingface.co/google/pegasus-cnn_dailymail/resolve/main/config.json "HTTP/1.1 307 Temporary Redirect"]
[2026-03-24 00:35:59,152: INFO: _client: HTTP Request: HEAD https://huggingface.co/api/resolve-cache/models/google/pegasus-cnn_dailymail/40d588fdab0cc077b80d950b300bf66ad3c75b92/config.json "HTTP/1.1 200 OK"]
[2026-03-24 00:35:59,661: INFO: _client: HTTP Request: HEAD https://huggingface.co/google/pegasus-cnn_dailymail/resolve/main/tokenizer_config.json "HTTP/1.1 307 Temporary Redirect"]
[2026-03-24 00:35:59,667: WARNING: _http: Warning: You are sending unauthenticated requests to the HF Hub. Please set a HF_TOKEN to enable higher rate limits and faster downloads.]
[2026-03-24 00:35:59,728: INFO: _client: HTTP Request: HEAD https://huggingface.co/api/resolve-cache/models/google/pegasus-cnn_dailymail/40d588fdab0cc077b80d950b300bf66ad3c75b92/tokenizer_config.json "HTTP/1.1 200 OK"]
[2026-03-24 00:36:00,068: INFO: _client: HTTP Request: GET https://huggingface.co/api/models/google/pegasus-cnn_dailymail/tree/main/additional_chat_templates?recursive=false&expand=false "HTTP/1.1 404 Not Found"]
[2026-03-24 00:36:00,369: INFO: _client: HTTP Request: GET https://huggingface.co/api/models/google/pegasus-cnn_dailymail/tree/main?recursive=true&expand=false "HTTP/1.1 200 OK"]
[2026-03-24 00:36:01,811: INFO: _client: HTTP Request: HEAD https://huggingface.co/google/pegasus-cnn_dailymail/resolve/main/config.json "HTTP/1.1 307 Temporary Redirect"]
[2026-03-24 00:36:01,866: INFO: _client: HTTP Request: HEAD https://huggingface.co/api/resolve-cache/models/google/pegasus-cnn_dailymail/40d588fdab0cc077b80d950b300bf66ad3c75b92/config.json "HTTP/1.1 200 OK"]
[2026-03-24 00:36:02,356: INFO: _client: HTTP Request: HEAD https://huggingface.co/google/pegasus-cnn_dailymail/resolve/main/model.safetensors "HTTP/1.1 404 Not Found"]
[2026-03-24 00:36:02,638: INFO: _client: HTTP Request: HEAD https://huggingface.co/google/pegasus-cnn_dailymail/resolve/main/model.safetensors.index.json "HTTP/1.1 404 Not Found"]
[2026-03-24 00:36:02,932: INFO: _client: HTTP Request: HEAD https://huggingface.co/google/pegasus-cnn_dailymail/resolve/main/pytorch_model.bin "HTTP/1.1 302 Found"]
[2026-03-24 00:36:03,576: INFO: _client: HTTP Request: GET https://huggingface.co/api/models/google/pegasus-cnn_dailymail/xet-read-token/40d588fdab0cc077b80d950b300bf66ad3c75b92 "HTTP/1.1 200 OK"]
[2026-03-24 00:40:14,510: INFO: common: yaml file: config\config.yaml loaded successfully]
[2026-03-24 00:40:14,517: INFO: common: yaml file: params.yaml loaded successfully]
[2026-03-24 00:40:14,520: INFO: common: created directory at: artifacts]
[2026-03-24 00:40:14,522: INFO: common: created directory at: artifacts/model_trainer]
[2026-03-24 00:40:14,956: INFO: _client: HTTP Request: HEAD https://huggingface.co/sshleifer/distilbart-cnn-6-6/resolve/main/config.json "HTTP/1.1 307 Temporary Redirect"]
[2026-03-24 00:40:15,002: INFO: _client: HTTP Request: HEAD https://huggingface.co/api/resolve-cache/models/sshleifer/distilbart-cnn-6-6/d2fde4ca965ba893255479612e4b801aa6500029/config.json "HTTP/1.1 200 OK"]
[2026-03-24 00:40:15,322: INFO: _client: HTTP Request: HEAD https://huggingface.co/sshleifer/distilbart-cnn-6-6/resolve/main/tokenizer_config.json "HTTP/1.1 307 Temporary Redirect"]
[2026-03-24 00:40:15,370: INFO: _client: HTTP Request: HEAD https://huggingface.co/api/resolve-cache/models/sshleifer/distilbart-cnn-6-6/d2fde4ca965ba893255479612e4b801aa6500029/tokenizer_config.json "HTTP/1.1 200 OK"]
[2026-03-24 00:40:15,419: INFO: _client: HTTP Request: GET https://huggingface.co/api/resolve-cache/models/sshleifer/distilbart-cnn-6-6/d2fde4ca965ba893255479612e4b801aa6500029/tokenizer_config.json "HTTP/1.1 200 OK"]
[2026-03-24 00:40:15,710: INFO: _client: HTTP Request: GET https://huggingface.co/api/models/sshleifer/distilbart-cnn-6-6/tree/main/additional_chat_templates?recursive=false&expand=false "HTTP/1.1 404 Not Found"]
[2026-03-24 00:40:16,000: INFO: _client: HTTP Request: GET https://huggingface.co/api/models/sshleifer/distilbart-cnn-6-6/tree/main?recursive=true&expand=false "HTTP/1.1 200 OK"]
[2026-03-24 00:40:16,300: INFO: _client: HTTP Request: HEAD https://huggingface.co/sshleifer/distilbart-cnn-6-6/resolve/main/vocab.json "HTTP/1.1 307 Temporary Redirect"]
[2026-03-24 00:40:16,479: INFO: _client: HTTP Request: HEAD https://huggingface.co/api/resolve-cache/models/sshleifer/distilbart-cnn-6-6/d2fde4ca965ba893255479612e4b801aa6500029/vocab.json "HTTP/1.1 200 OK"]
[2026-03-24 00:40:16,538: INFO: _client: HTTP Request: GET https://huggingface.co/api/resolve-cache/models/sshleifer/distilbart-cnn-6-6/d2fde4ca965ba893255479612e4b801aa6500029/vocab.json "HTTP/1.1 200 OK"]
[2026-03-24 00:40:16,954: INFO: _client: HTTP Request: HEAD https://huggingface.co/sshleifer/distilbart-cnn-6-6/resolve/main/merges.txt "HTTP/1.1 307 Temporary Redirect"]
[2026-03-24 00:40:17,000: INFO: _client: HTTP Request: HEAD https://huggingface.co/api/resolve-cache/models/sshleifer/distilbart-cnn-6-6/d2fde4ca965ba893255479612e4b801aa6500029/merges.txt "HTTP/1.1 200 OK"]
[2026-03-24 00:40:17,046: INFO: _client: HTTP Request: GET https://huggingface.co/api/resolve-cache/models/sshleifer/distilbart-cnn-6-6/d2fde4ca965ba893255479612e4b801aa6500029/merges.txt "HTTP/1.1 200 OK"]
[2026-03-24 00:40:17,352: INFO: _client: HTTP Request: HEAD https://huggingface.co/sshleifer/distilbart-cnn-6-6/resolve/main/tokenizer.json "HTTP/1.1 404 Not Found"]
[2026-03-24 00:40:17,621: INFO: _client: HTTP Request: HEAD https://huggingface.co/sshleifer/distilbart-cnn-6-6/resolve/main/added_tokens.json "HTTP/1.1 404 Not Found"]
[2026-03-24 00:40:17,899: INFO: _client: HTTP Request: HEAD https://huggingface.co/sshleifer/distilbart-cnn-6-6/resolve/main/special_tokens_map.json "HTTP/1.1 404 Not Found"]
[2026-03-24 00:40:18,173: INFO: _client: HTTP Request: HEAD https://huggingface.co/sshleifer/distilbart-cnn-6-6/resolve/main/chat_template.jinja "HTTP/1.1 404 Not Found"]
[2026-03-24 00:40:18,601: INFO: _client: HTTP Request: HEAD https://huggingface.co/sshleifer/distilbart-cnn-6-6/resolve/main/config.json "HTTP/1.1 307 Temporary Redirect"]
[2026-03-24 00:40:18,647: INFO: _client: HTTP Request: HEAD https://huggingface.co/api/resolve-cache/models/sshleifer/distilbart-cnn-6-6/d2fde4ca965ba893255479612e4b801aa6500029/config.json "HTTP/1.1 200 OK"]
[2026-03-24 00:40:18,976: INFO: _client: HTTP Request: HEAD https://huggingface.co/sshleifer/distilbart-cnn-6-6/resolve/main/pytorch_model.bin "HTTP/1.1 302 Found"]
[2026-03-24 00:40:19,244: INFO: _client: HTTP Request: GET https://huggingface.co/api/models/sshleifer/distilbart-cnn-6-6/xet-read-token/d2fde4ca965ba893255479612e4b801aa6500029 "HTTP/1.1 200 OK"]
[2026-03-24 00:41:44,499: INFO: common: yaml file: config\config.yaml loaded successfully]
[2026-03-24 00:41:44,502: INFO: common: yaml file: params.yaml loaded successfully]
[2026-03-24 00:41:44,505: INFO: common: created directory at: artifacts]
[2026-03-24 00:41:44,507: INFO: common: created directory at: artifacts/model_trainer]
[2026-03-24 00:41:44,943: INFO: _client: HTTP Request: HEAD https://huggingface.co/t5-small/resolve/main/config.json "HTTP/1.1 200 OK"]
[2026-03-24 00:41:45,238: INFO: _client: HTTP Request: GET https://huggingface.co/t5-small/resolve/main/config.json "HTTP/1.1 200 OK"]
[2026-03-24 00:41:45,558: INFO: _client: HTTP Request: HEAD https://huggingface.co/t5-small/resolve/main/tokenizer_config.json "HTTP/1.1 200 OK"]
[2026-03-24 00:41:45,840: INFO: _client: HTTP Request: GET https://huggingface.co/t5-small/resolve/main/tokenizer_config.json "HTTP/1.1 200 OK"]
[2026-03-24 00:41:46,130: INFO: _client: HTTP Request: GET https://huggingface.co/api/models/t5-small/tree/main/additional_chat_templates?recursive=false&expand=false "HTTP/1.1 307 Temporary Redirect"]
[2026-03-24 00:41:46,404: INFO: _client: HTTP Request: GET https://huggingface.co/api/models/google-t5/t5-small/tree/main/additional_chat_templates?recursive=false&expand=false "HTTP/1.1 404 Not Found"]
[2026-03-24 00:41:46,684: INFO: _client: HTTP Request: GET https://huggingface.co/api/models/t5-small/tree/main?recursive=true&expand=false "HTTP/1.1 307 Temporary Redirect"]
[2026-03-24 00:41:46,970: INFO: _client: HTTP Request: GET https://huggingface.co/api/models/google-t5/t5-small/tree/main?recursive=true&expand=false "HTTP/1.1 200 OK"]
[2026-03-24 00:41:47,252: INFO: _client: HTTP Request: HEAD https://huggingface.co/t5-small/resolve/main/spiece.model "HTTP/1.1 200 OK"]
[2026-03-24 00:41:47,563: INFO: _client: HTTP Request: GET https://huggingface.co/t5-small/resolve/main/spiece.model "HTTP/1.1 200 OK"]
[2026-03-24 00:41:48,632: INFO: _client: HTTP Request: HEAD https://huggingface.co/t5-small/resolve/main/tokenizer.json "HTTP/1.1 200 OK"]
[2026-03-24 00:41:48,905: INFO: _client: HTTP Request: GET https://huggingface.co/t5-small/resolve/main/tokenizer.json "HTTP/1.1 200 OK"]
[2026-03-24 00:41:49,814: INFO: _client: HTTP Request: HEAD https://huggingface.co/t5-small/resolve/main/added_tokens.json "HTTP/1.1 404 Not Found"]
[2026-03-24 00:41:50,087: INFO: _client: HTTP Request: HEAD https://huggingface.co/t5-small/resolve/main/special_tokens_map.json "HTTP/1.1 404 Not Found"]
[2026-03-24 00:41:50,388: INFO: _client: HTTP Request: HEAD https://huggingface.co/t5-small/resolve/main/chat_template.jinja "HTTP/1.1 404 Not Found"]
[2026-03-24 00:41:50,842: INFO: _client: HTTP Request: HEAD https://huggingface.co/t5-small/resolve/main/config.json "HTTP/1.1 200 OK"]
[2026-03-24 00:41:51,147: INFO: _client: HTTP Request: HEAD https://huggingface.co/t5-small/resolve/main/model.safetensors "HTTP/1.1 302 Found"]
[2026-03-24 00:41:51,429: INFO: _client: HTTP Request: GET https://huggingface.co/api/models/google-t5/t5-small/xet-read-token/df1b051c49625cf57a3d0d8d3863ed4d13564fe4 "HTTP/1.1 200 OK"]
[2026-03-24 12:10:36,169: INFO: common: yaml file: config\config.yaml loaded successfully]
[2026-03-24 12:10:36,190: INFO: common: yaml file: params.yaml loaded successfully]
[2026-03-24 12:10:36,192: INFO: common: created directory at: artifacts]
[2026-03-24 12:10:36,196: INFO: common: created directory at: artifacts/model_trainer]
[2026-03-24 12:10:36,674: INFO: _client: HTTP Request: HEAD https://huggingface.co/t5-small/resolve/main/config.json "HTTP/1.1 200 OK"]
[2026-03-24 12:10:37,019: INFO: _client: HTTP Request: HEAD https://huggingface.co/t5-small/resolve/main/tokenizer_config.json "HTTP/1.1 200 OK"]
[2026-03-24 12:10:37,321: INFO: _client: HTTP Request: GET https://huggingface.co/api/models/t5-small/tree/main/additional_chat_templates?recursive=false&expand=false "HTTP/1.1 307 Temporary Redirect"]
[2026-03-24 12:10:37,614: INFO: _client: HTTP Request: GET https://huggingface.co/api/models/google-t5/t5-small/tree/main/additional_chat_templates?recursive=false&expand=false "HTTP/1.1 404 Not Found"]
[2026-03-24 12:10:37,899: INFO: _client: HTTP Request: GET https://huggingface.co/api/models/t5-small/tree/main?recursive=true&expand=false "HTTP/1.1 307 Temporary Redirect"]
[2026-03-24 12:10:38,186: INFO: _client: HTTP Request: GET https://huggingface.co/api/models/google-t5/t5-small/tree/main?recursive=true&expand=false "HTTP/1.1 200 OK"]
[2026-03-24 12:10:38,701: INFO: _client: HTTP Request: HEAD https://huggingface.co/t5-small/resolve/main/config.json "HTTP/1.1 200 OK"]
[2026-03-24 12:10:39,085: INFO: _client: HTTP Request: HEAD https://huggingface.co/t5-small/resolve/main/model.safetensors "HTTP/1.1 302 Found"]
[2026-03-24 12:10:39,091: WARNING: _http: Warning: You are sending unauthenticated requests to the HF Hub. Please set a HF_TOKEN to enable higher rate limits and faster downloads.]
[2026-03-24 12:10:39,461: INFO: _client: HTTP Request: GET https://huggingface.co/api/models/google-t5/t5-small/xet-read-token/df1b051c49625cf57a3d0d8d3863ed4d13564fe4 "HTTP/1.1 200 OK"]
